<?xml version="1.0" encoding="UTF-8"?>
<!-- Generated by org.testng.reporters.JUnitReportReporter -->
<testsuite hostname="DESKTOP-8TUFKPQ" failures="0" tests="3" name="parallelexecution.ParallelTest" time="78.533" errors="0" timestamp="2023-09-06T18:47:32 IST" skipped="0">
  <testcase classname="parallelexecution.ParallelTest" name="excutesessionthird" time="26.289"/>
  <testcase classname="parallelexecution.ParallelTest" name="excutesessionOne" time="29.815"/>
  <testcase classname="parallelexecution.ParallelTest" name="excutesessiontwo" time="22.429"/>
</testsuite> <!-- parallelexecution.ParallelTest -->
