<?xml version="1.0" encoding="UTF-8"?>
<!-- Generated by org.testng.reporters.JUnitReportReporter -->
<testsuite hostname="DESKTOP-8TUFKPQ" failures="0" tests="1" name="pratice_1.IgnoredChromePopUp" time="15.068" errors="0" timestamp="2023-09-06T15:55:14 IST" skipped="0">
  <testcase classname="pratice_1.IgnoredChromePopUp" name="TestChrome" time="15.068"/>
</testsuite> <!-- pratice_1.IgnoredChromePopUp -->
