<?xml version="1.0" encoding="UTF-8"?>
<!-- Generated by org.testng.reporters.JUnitReportReporter -->
<testsuite hostname="DESKTOP-8TUFKPQ" failures="0" tests="2" name="com.selenium.log4j" time="27.430" errors="0" timestamp="2023-09-06T16:08:40 IST" skipped="0">
  <testcase classname="com.selenium.log4j" name="Launch" time="12.183"/>
  <testcase classname="com.selenium.log4j" name="getTitle" time="15.247"/>
</testsuite> <!-- com.selenium.log4j -->
